[ate: Sat, 14 Mar 2015 04:40:35 +0100] [type: admin] [action: login ][pid: 3052] [client: localhost:80] [user: 1] [ip: ::1] [useragent: Mozilla/5.0 (Windows NT 6.2; rv:36.0) Gecko/20100101 Firefox/36.0] [message: Inicio de sesi贸n correcto]
[ate: Sat, 14 Mar 2015 04:41:02 +0100] [type: Admin] [action: sql ][pid: 3052] [client: localhost:80] [user: 1] [ip: ::1] [useragent: Mozilla/5.0 (Windows NT 6.2; rv:36.0) Gecko/20100101 Firefox/36.0] [message: Creacion de menu ]
[ate: Sat, 14 Mar 2015 04:41:58 +0100] [type: Admin] [action: sql ][pid: 3052] [client: localhost:80] [user: 1] [ip: ::1] [useragent: Mozilla/5.0 (Windows NT 6.2; rv:36.0) Gecko/20100101 Firefox/36.0] [message: Creacion de item de configuracion ]
[ate: Sat, 14 Mar 2015 04:41:58 +0100] [type: Admin] [action: sql ][pid: 3052] [client: localhost:80] [user: 1] [ip: ::1] [useragent: Mozilla/5.0 (Windows NT 6.2; rv:36.0) Gecko/20100101 Firefox/36.0] [message: Creacion de menu de configuracion ]
[ate: Sat, 14 Mar 2015 04:42:28 +0100] [type: Admin] [action: sql ][pid: 3052] [client: localhost:80] [user: 1] [ip: ::1] [useragent: Mozilla/5.0 (Windows NT 6.2; rv:36.0) Gecko/20100101 Firefox/36.0] [message: Creacion de item de configuracion ]
[ate: Sat, 14 Mar 2015 04:42:28 +0100] [type: Admin] [action: sql ][pid: 3052] [client: localhost:80] [user: 1] [ip: ::1] [useragent: Mozilla/5.0 (Windows NT 6.2; rv:36.0) Gecko/20100101 Firefox/36.0] [message: Creacion de menu de configuracion ]
[ate: Sat, 14 Mar 2015 04:44:29 +0100] [type: Admin Menus] [action: {admin_users} ][pid: 3052] [client: localhost:80] [user: 1] [ip: ::1] [useragent: Mozilla/5.0 (Windows NT 6.2; rv:36.0) Gecko/20100101 Firefox/36.0] [message: Menu Despublicado 11]
[ate: Sat, 14 Mar 2015 04:44:39 +0100] [type: Admin Menus] [action: {admin_users} ][pid: 3052] [client: localhost:80] [user: 1] [ip: ::1] [useragent: Mozilla/5.0 (Windows NT 6.2; rv:36.0) Gecko/20100101 Firefox/36.0] [message: Menu Despublicado 18]
[ate: Sat, 14 Mar 2015 04:44:51 +0100] [type: Admin Menus] [action: {admin_users} ][pid: 3052] [client: localhost:80] [user: 1] [ip: ::1] [useragent: Mozilla/5.0 (Windows NT 6.2; rv:36.0) Gecko/20100101 Firefox/36.0] [message: Menu Despublicado 1]
[ate: Sat, 14 Mar 2015 04:46:26 +0100] [type: Admin Items] [action: sql ][pid: 3052] [client: localhost:80] [user: 1] [ip: ::1] [useragent: Mozilla/5.0 (Windows NT 6.2; rv:36.0) Gecko/20100101 Firefox/36.0] [message: Se agrega campo a item de configuracion 11 ajh_admin_params_content ]
[ate: Sat, 14 Mar 2015 04:46:37 +0100] [type: Admin Items] [action: {admin_params_content} ][pid: 3052] [client: localhost:80] [user: 1] [ip: ::1] [useragent: Mozilla/5.0 (Windows NT 6.2; rv:36.0) Gecko/20100101 Firefox/36.0] [message: Eliminacion de campo de item de configuracion 21]
[ate: Sat, 14 Mar 2015 04:47:07 +0100] [type: Admin Items] [action: sql ][pid: 3052] [client: localhost:80] [user: 1] [ip: ::1] [useragent: Mozilla/5.0 (Windows NT 6.2; rv:36.0) Gecko/20100101 Firefox/36.0] [message: Se agrega campo a item de configuracion 11 ajh_admin_params_content ]
[ate: Sat, 14 Mar 2015 04:47:23 +0100] [type: Admin Items] [action: sql ][pid: 3052] [client: localhost:80] [user: 1] [ip: ::1] [useragent: Mozilla/5.0 (Windows NT 6.2; rv:36.0) Gecko/20100101 Firefox/36.0] [message: Se agrega campo a item de configuracion 11 ajh_admin_params_content ]
[ate: Sat, 14 Mar 2015 04:58:04 +0100] [type: admin] [action: login ][pid: 3052] [client: localhost:80] [user: 1] [ip: ::1] [useragent: Mozilla/5.0 (Windows NT 6.2; rv:36.0) Gecko/20100101 Firefox/36.0] [message: Inicio de sesi贸n correcto]
[ate: Sat, 14 Mar 2015 05:19:55 +0100] [type: admin] [action: login ][pid: 3052] [client: localhost:80] [user: 1] [ip: ::1] [useragent: Mozilla/5.0 (Windows NT 6.2; rv:36.0) Gecko/20100101 Firefox/36.0] [message: Inicio de sesi贸n correcto]
[ate: Sat, 14 Mar 2015 05:35:38 +0100] [type: Admin Items] [action: {admin_params_conf} ][pid: 3052] [client: localhost:80] [user: 1] [ip: ::1] [useragent: Mozilla/5.0 (Windows NT 6.2; rv:36.0) Gecko/20100101 Firefox/36.0] [message: Evento Eliminado 2]
[ate: Sat, 14 Mar 2015 05:36:29 +0100] [type: Admin Items] [action: {admin_params_conf} ][pid: 3052] [client: localhost:80] [user: 1] [ip: ::1] [useragent: Mozilla/5.0 (Windows NT 6.2; rv:36.0) Gecko/20100101 Firefox/36.0] [message: Evento Eliminado 1]
[ate: Sat, 14 Mar 2015 05:36:58 +0100] [type: Admin Items] [action: {admin_params_conf} ][pid: 3052] [client: localhost:80] [user: 1] [ip: ::1] [useragent: Mozilla/5.0 (Windows NT 6.2; rv:36.0) Gecko/20100101 Firefox/36.0] [message: Evento Eliminado 4]
[ate: Sat, 14 Mar 2015 05:37:01 +0100] [type: Admin Items] [action: {admin_params_conf} ][pid: 3052] [client: localhost:80] [user: 1] [ip: ::1] [useragent: Mozilla/5.0 (Windows NT 6.2; rv:36.0) Gecko/20100101 Firefox/36.0] [message: Evento Eliminado 3]
[ate: Sat, 14 Mar 2015 05:37:31 +0100] [type: Admin Items] [action: {admin_params_conf} ][pid: 3052] [client: localhost:80] [user: 1] [ip: ::1] [useragent: Mozilla/5.0 (Windows NT 6.2; rv:36.0) Gecko/20100101 Firefox/36.0] [message: Evento Eliminado 7]
[ate: Sat, 14 Mar 2015 05:46:08 +0100] [type: Admin Users] [action: {admin_users} ][pid: 3052] [client: localhost:80] [user: 1] [ip: ::1] [useragent: Mozilla/5.0 (Windows NT 6.2; rv:36.0) Gecko/20100101 Firefox/36.0] [message: Bloqueo de Usuario 1]
[ate: Sat, 14 Mar 2015 05:46:13 +0100] [type: Admin Users] [action: {admin_users} ][pid: 3052] [client: localhost:80] [user: 1] [ip: ::1] [useragent: Mozilla/5.0 (Windows NT 6.2; rv:36.0) Gecko/20100101 Firefox/36.0] [message: Bloqueo de Usuario 1]
[ate: Sat, 14 Mar 2015 05:54:02 +0100] [type: Admin] [action: sql ][pid: 3052] [client: localhost:80] [user: 1] [ip: ::1] [useragent: Mozilla/5.0 (Windows NT 6.2; rv:36.0) Gecko/20100101 Firefox/36.0] [message: Cambio en parametros de configuracion ajh_admin_users ]
[ate: Sat, 14 Mar 2015 05:58:29 +0100] [type: Admin Users] [action: {admin_users} ][pid: 3052] [client: localhost:80] [user: 1] [ip: ::1] [useragent: Mozilla/5.0 (Windows NT 6.2; rv:36.0) Gecko/20100101 Firefox/36.0] [message: Eliminacion de usuario 2]
[ate: Sat, 14 Mar 2015 06:02:08 +0100] [type: Admin Users] [action: {admin_users} ][pid: 3052] [client: localhost:80] [user: 1] [ip: ::1] [useragent: Mozilla/5.0 (Windows NT 6.2; rv:36.0) Gecko/20100101 Firefox/36.0] [message: Eliminacion de usuario 6]
[ate: Sat, 14 Mar 2015 06:25:24 +0100] [type: Admin] [action: sql ][pid: 3052] [client: localhost:80] [user: 1] [ip: ::1] [useragent: Mozilla/5.0 (Windows NT 6.2; rv:36.0) Gecko/20100101 Firefox/36.0] [message: Actualizacion de usuario 4 ]
[ate: Sat, 14 Mar 2015 06:28:23 +0100] [type: Admin] [action: sql ][pid: 3052] [client: localhost:80] [user: 1] [ip: ::1] [useragent: Mozilla/5.0 (Windows NT 6.2; rv:36.0) Gecko/20100101 Firefox/36.0] [message: Actualizacion de usuario 4 ]
[ate: Sat, 14 Mar 2015 06:29:06 +0100] [type: Admin] [action: sql ][pid: 3052] [client: localhost:80] [user: 1] [ip: ::1] [useragent: Mozilla/5.0 (Windows NT 6.2; rv:36.0) Gecko/20100101 Firefox/36.0] [message: Actualizacion de usuario 5 ]
[ate: Sat, 14 Mar 2015 06:29:55 +0100] [type: Admin Items] [action: {admin_params_conf} ][pid: 3052] [client: localhost:80] [user: 1] [ip: ::1] [useragent: Mozilla/5.0 (Windows NT 6.2; rv:36.0) Gecko/20100101 Firefox/36.0] [message: Evento Eliminado 8]
[ate: Sat, 14 Mar 2015 23:11:40 +0100] [type: admin] [action: login ][pid: 2564] [client: localhost:80] [user: 1] [ip: ::1] [useragent: Mozilla/5.0 (Windows NT 6.2) AppleWebKit/537.36 (KHTML, like Gecko) Chrome/41.0.2272.89 Safari/537.36] [message: Inicio de sesi贸n correcto]
[ate: Sat, 14 Mar 2015 23:12:19 +0100] [type: Admin] [action: sql ][pid: 2564] [client: localhost:80] [user: 1] [ip: ::1] [useragent: Mozilla/5.0 (Windows NT 6.2) AppleWebKit/537.36 (KHTML, like Gecko) Chrome/41.0.2272.89 Safari/537.36] [message: Actualizacion de usuario 4 ]
